0 info it worked if it ends with ok
1 verbose cli [ '/Users/guillermo/.nvm/versions/node/v4.2.3/bin/node',
1 verbose cli   '/Users/guillermo/.nvm/versions/node/v4.2.3/bin/npm',
1 verbose cli   'run',
1 verbose cli   'serve',
1 verbose cli   '9000' ]
2 info using npm@3.5.2
3 info using node@v4.2.3
4 verbose run-script [ 'preserve', 'serve', 'postserve' ]
5 info lifecycle rkcreativa@0.0.1~preserve: rkcreativa@0.0.1
6 silly lifecycle rkcreativa@0.0.1~preserve: no script for preserve, continuing
7 info lifecycle rkcreativa@0.0.1~serve: rkcreativa@0.0.1
8 verbose lifecycle rkcreativa@0.0.1~serve: unsafe-perm in lifecycle true
9 verbose lifecycle rkcreativa@0.0.1~serve: PATH: /Users/guillermo/.nvm/versions/node/v4.2.3/lib/node_modules/npm/bin/node-gyp-bin:/Users/guillermo/Desktop/projects/rkcreativa/node_modules/.bin:/Users/guillermo/.nvm/versions/node/v4.2.3/bin:/usr/local/bin:/usr/bin:/bin:/usr/sbin:/sbin
10 verbose lifecycle rkcreativa@0.0.1~serve: CWD: /Users/guillermo/Desktop/projects/rkcreativa
11 silly lifecycle rkcreativa@0.0.1~serve: Args: [ '-c', 'http-server ./public "9000"' ]
12 silly lifecycle rkcreativa@0.0.1~serve: Returned: code: 1  signal: null
13 info lifecycle rkcreativa@0.0.1~serve: Failed to exec serve script
14 verbose stack Error: rkcreativa@0.0.1 serve: `http-server ./public "9000"`
14 verbose stack Exit status 1
14 verbose stack     at EventEmitter.<anonymous> (/Users/guillermo/.nvm/versions/node/v4.2.3/lib/node_modules/npm/lib/utils/lifecycle.js:232:16)
14 verbose stack     at emitTwo (events.js:87:13)
14 verbose stack     at EventEmitter.emit (events.js:172:7)
14 verbose stack     at ChildProcess.<anonymous> (/Users/guillermo/.nvm/versions/node/v4.2.3/lib/node_modules/npm/lib/utils/spawn.js:24:14)
14 verbose stack     at emitTwo (events.js:87:13)
14 verbose stack     at ChildProcess.emit (events.js:172:7)
14 verbose stack     at maybeClose (internal/child_process.js:818:16)
14 verbose stack     at Process.ChildProcess._handle.onexit (internal/child_process.js:211:5)
15 verbose pkgid rkcreativa@0.0.1
16 verbose cwd /Users/guillermo/Desktop/projects/rkcreativa
17 error Darwin 15.0.0
18 error argv "/Users/guillermo/.nvm/versions/node/v4.2.3/bin/node" "/Users/guillermo/.nvm/versions/node/v4.2.3/bin/npm" "run" "serve" "9000"
19 error node v4.2.3
20 error npm  v3.5.2
21 error code ELIFECYCLE
22 error rkcreativa@0.0.1 serve: `http-server ./public "9000"`
22 error Exit status 1
23 error Failed at the rkcreativa@0.0.1 serve script 'http-server ./public "9000"'.
23 error Make sure you have the latest version of node.js and npm installed.
23 error If you do, this is most likely a problem with the rkcreativa package,
23 error not with npm itself.
23 error Tell the author that this fails on your system:
23 error     http-server ./public "9000"
23 error You can get information on how to open an issue for this project with:
23 error     npm bugs rkcreativa
23 error Or if that isn't available, you can get their info via:
23 error     npm owner ls rkcreativa
23 error There is likely additional logging output above.
24 verbose exit [ 1, true ]
